{"/home/zishan/Desktop/projects/project test/audit log system/backend/src/app.js": {"path":"/home/zishan/Desktop/projects/project test/audit log system/backend/src/app.js","statementMap":{"0":{"start":{"line":7,"column":0},"end":{"line":7,"column":16}},"1":{"start":{"line":9,"column":12},"end":{"line":9,"column":21}},"2":{"start":{"line":10,"column":0},"end":{"line":10,"column":16}},"3":{"start":{"line":11,"column":0},"end":{"line":11,"column":24}},"4":{"start":{"line":12,"column":0},"end":{"line":12,"column":30}},"5":{"start":{"line":13,"column":0},"end":{"line":13,"column":16}},"6":{"start":{"line":15,"column":0},"end":{"line":15,"column":15}},"7":{"start":{"line":17,"column":0},"end":{"line":17,"column":22}}},"fnMap":{},"branchMap":{},"s":{"0":1,"1":1,"2":1,"3":1,"4":1,"5":1,"6":1,"7":1},"f":{},"b":{},"_coverageSchema":"1a1c01bbd47fc00a2c39e90264f33305004495a9","hash":"18afb4cfe8e3fad3b9b81e9d7b37655b31473ef1"}
,"/home/zishan/Desktop/projects/project test/audit log system/backend/src/mongo.js": {"path":"/home/zishan/Desktop/projects/project test/audit log system/backend/src/mongo.js","statementMap":{"0":{"start":{"line":3,"column":13},"end":{"line":3,"column":52}},"1":{"start":{"line":4,"column":0},"end":{"line":4,"column":49}},"2":{"start":{"line":6,"column":16},"end":{"line":6,"column":18}},"3":{"start":{"line":8,"column":12},"end":{"line":8,"column":37}},"4":{"start":{"line":8,"column":21},"end":{"line":8,"column":37}},"5":{"start":{"line":10,"column":29},"end":{"line":20,"column":1}},"6":{"start":{"line":11,"column":2},"end":{"line":19,"column":4}},"7":{"start":{"line":15,"column":6},"end":{"line":17,"column":52}},"8":{"start":{"line":16,"column":8},"end":{"line":16,"column":18}},"9":{"start":{"line":17,"column":13},"end":{"line":17,"column":52}},"10":{"start":{"line":21,"column":26},"end":{"line":21,"column":45}},"11":{"start":{"line":22,"column":0},"end":{"line":22,"column":62}},"12":{"start":{"line":22,"column":29},"end":{"line":22,"column":60}},"13":{"start":{"line":23,"column":0},"end":{"line":23,"column":68}},"14":{"start":{"line":23,"column":30},"end":{"line":23,"column":66}}},"fnMap":{"0":{"name":"(anonymous_0)","decl":{"start":{"line":8,"column":12},"end":{"line":8,"column":13}},"loc":{"start":{"line":8,"column":21},"end":{"line":8,"column":37}},"line":8},"1":{"name":"(anonymous_1)","decl":{"start":{"line":10,"column":29},"end":{"line":10,"column":30}},"loc":{"start":{"line":10,"column":35},"end":{"line":20,"column":1}},"line":10},"2":{"name":"(anonymous_2)","decl":{"start":{"line":14,"column":4},"end":{"line":14,"column":5}},"loc":{"start":{"line":14,"column":17},"end":{"line":18,"column":5}},"line":14},"3":{"name":"(anonymous_3)","decl":{"start":{"line":22,"column":23},"end":{"line":22,"column":24}},"loc":{"start":{"line":22,"column":29},"end":{"line":22,"column":60}},"line":22},"4":{"name":"(anonymous_4)","decl":{"start":{"line":23,"column":24},"end":{"line":23,"column":25}},"loc":{"start":{"line":23,"column":30},"end":{"line":23,"column":66}},"line":23}},"branchMap":{"0":{"loc":{"start":{"line":3,"column":13},"end":{"line":3,"column":52}},"type":"binary-expr","locations":[{"start":{"line":3,"column":13},"end":{"line":3,"column":37}},{"start":{"line":3,"column":41},"end":{"line":3,"column":52}}],"line":3},"1":{"loc":{"start":{"line":12,"column":4},"end":{"line":12,"column":68}},"type":"binary-expr","locations":[{"start":{"line":12,"column":4},"end":{"line":12,"column":27}},{"start":{"line":12,"column":31},"end":{"line":12,"column":68}}],"line":12},"2":{"loc":{"start":{"line":15,"column":6},"end":{"line":17,"column":52}},"type":"if","locations":[{"start":{"line":15,"column":6},"end":{"line":17,"column":52}},{"start":{"line":17,"column":13},"end":{"line":17,"column":52}}],"line":15}},"s":{"0":1,"1":1,"2":1,"3":1,"4":1,"5":1,"6":1,"7":1,"8":0,"9":1,"10":1,"11":1,"12":0,"13":1,"14":1},"f":{"0":1,"1":1,"2":1,"3":0,"4":1},"b":{"0":[1,1],"1":[1,1],"2":[0,1]},"_coverageSchema":"1a1c01bbd47fc00a2c39e90264f33305004495a9","hash":"a24aa7ff7bdc3c7ba4fa73d9095db354a57f433c"}
,"/home/zishan/Desktop/projects/project test/audit log system/backend/src/controllers/index.js": {"path":"/home/zishan/Desktop/projects/project test/audit log system/backend/src/controllers/index.js","statementMap":{"0":{"start":{"line":5,"column":18},"end":{"line":9,"column":1}},"1":{"start":{"line":6,"column":2},"end":{"line":6,"column":31}},"2":{"start":{"line":7,"column":2},"end":{"line":7,"column":30}},"3":{"start":{"line":8,"column":2},"end":{"line":8,"column":31}}},"fnMap":{"0":{"name":"(anonymous_0)","decl":{"start":{"line":5,"column":18},"end":{"line":5,"column":19}},"loc":{"start":{"line":5,"column":25},"end":{"line":9,"column":1}},"line":5}},"branchMap":{},"s":{"0":1,"1":1,"2":1,"3":1},"f":{"0":1},"b":{},"_coverageSchema":"1a1c01bbd47fc00a2c39e90264f33305004495a9","hash":"833b5e8c225f4c1c49f5d2aa964c2b4edec162d2"}
,"/home/zishan/Desktop/projects/project test/audit log system/backend/src/controllers/logController.js": {"path":"/home/zishan/Desktop/projects/project test/audit log system/backend/src/controllers/logController.js","statementMap":{"0":{"start":{"line":8,"column":15},"end":{"line":8,"column":31}},"1":{"start":{"line":10,"column":19},"end":{"line":25,"column":1}},"2":{"start":{"line":11,"column":33},"end":{"line":11,"column":42}},"3":{"start":{"line":12,"column":18},"end":{"line":12,"column":20}},"4":{"start":{"line":13,"column":2},"end":{"line":24,"column":3}},"5":{"start":{"line":14,"column":4},"end":{"line":19,"column":5}},"6":{"start":{"line":15,"column":6},"end":{"line":17,"column":7}},"7":{"start":{"line":16,"column":8},"end":{"line":16,"column":43}},"8":{"start":{"line":18,"column":6},"end":{"line":18,"column":28}},"9":{"start":{"line":20,"column":17},"end":{"line":20,"column":54}},"10":{"start":{"line":21,"column":4},"end":{"line":21,"column":31}},"11":{"start":{"line":23,"column":4},"end":{"line":23,"column":29}},"12":{"start":{"line":27,"column":20},"end":{"line":35,"column":1}},"13":{"start":{"line":28,"column":2},"end":{"line":34,"column":3}},"14":{"start":{"line":29,"column":21},"end":{"line":29,"column":24}},"15":{"start":{"line":30,"column":16},"end":{"line":30,"column":35}},"16":{"start":{"line":31,"column":4},"end":{"line":31,"column":30}},"17":{"start":{"line":33,"column":4},"end":{"line":33,"column":29}},"18":{"start":{"line":37,"column":0},"end":{"line":37,"column":28}},"19":{"start":{"line":38,"column":0},"end":{"line":38,"column":78}},"20":{"start":{"line":40,"column":18},"end":{"line":42,"column":1}},"21":{"start":{"line":41,"column":2},"end":{"line":41,"column":27}}},"fnMap":{"0":{"name":"(anonymous_0)","decl":{"start":{"line":10,"column":19},"end":{"line":10,"column":20}},"loc":{"start":{"line":10,"column":45},"end":{"line":25,"column":1}},"line":10},"1":{"name":"(anonymous_1)","decl":{"start":{"line":27,"column":20},"end":{"line":27,"column":21}},"loc":{"start":{"line":27,"column":46},"end":{"line":35,"column":1}},"line":27},"2":{"name":"(anonymous_2)","decl":{"start":{"line":40,"column":18},"end":{"line":40,"column":19}},"loc":{"start":{"line":40,"column":27},"end":{"line":42,"column":1}},"line":40}},"branchMap":{"0":{"loc":{"start":{"line":14,"column":4},"end":{"line":19,"column":5}},"type":"if","locations":[{"start":{"line":14,"column":4},"end":{"line":19,"column":5}},{"start":{},"end":{}}],"line":14},"1":{"loc":{"start":{"line":15,"column":6},"end":{"line":17,"column":7}},"type":"if","locations":[{"start":{"line":15,"column":6},"end":{"line":17,"column":7}},{"start":{},"end":{}}],"line":15}},"s":{"0":1,"1":1,"2":0,"3":0,"4":0,"5":0,"6":0,"7":0,"8":0,"9":0,"10":0,"11":0,"12":1,"13":0,"14":0,"15":0,"16":0,"17":0,"18":1,"19":1,"20":1,"21":1},"f":{"0":0,"1":0,"2":1},"b":{"0":[0,0],"1":[0,0]},"_coverageSchema":"1a1c01bbd47fc00a2c39e90264f33305004495a9","hash":"5abc3169b2eb53381a64b71b05b2eb423594c77e"}
,"/home/zishan/Desktop/projects/project test/audit log system/backend/src/controllers/siteController.js": {"path":"/home/zishan/Desktop/projects/project test/audit log system/backend/src/controllers/siteController.js","statementMap":{"0":{"start":{"line":12,"column":15},"end":{"line":12,"column":31}},"1":{"start":{"line":14,"column":19},"end":{"line":18,"column":1}},"2":{"start":{"line":15,"column":25},"end":{"line":15,"column":34}},"3":{"start":{"line":16,"column":16},"end":{"line":16,"column":45}},"4":{"start":{"line":17,"column":2},"end":{"line":17,"column":30}},"5":{"start":{"line":20,"column":23},"end":{"line":27,"column":1}},"6":{"start":{"line":21,"column":2},"end":{"line":26,"column":3}},"7":{"start":{"line":22,"column":18},"end":{"line":22,"column":50}},"8":{"start":{"line":23,"column":4},"end":{"line":23,"column":32}},"9":{"start":{"line":25,"column":4},"end":{"line":25,"column":29}},"10":{"start":{"line":29,"column":20},"end":{"line":38,"column":1}},"11":{"start":{"line":30,"column":2},"end":{"line":37,"column":3}},"12":{"start":{"line":31,"column":21},"end":{"line":31,"column":24}},"13":{"start":{"line":32,"column":23},"end":{"line":32,"column":32}},"14":{"start":{"line":33,"column":17},"end":{"line":33,"column":45}},"15":{"start":{"line":34,"column":4},"end":{"line":34,"column":31}},"16":{"start":{"line":36,"column":4},"end":{"line":36,"column":29}},"17":{"start":{"line":40,"column":19},"end":{"line":50,"column":1}},"18":{"start":{"line":41,"column":2},"end":{"line":49,"column":3}},"19":{"start":{"line":42,"column":17},"end":{"line":42,"column":25}},"20":{"start":{"line":43,"column":19},"end":{"line":43,"column":29}},"21":{"start":{"line":44,"column":23},"end":{"line":44,"column":32}},"22":{"start":{"line":45,"column":17},"end":{"line":45,"column":51}},"23":{"start":{"line":46,"column":4},"end":{"line":46,"column":31}},"24":{"start":{"line":48,"column":4},"end":{"line":48,"column":29}},"25":{"start":{"line":52,"column":22},"end":{"line":61,"column":1}},"26":{"start":{"line":53,"column":2},"end":{"line":60,"column":3}},"27":{"start":{"line":54,"column":15},"end":{"line":54,"column":28}},"28":{"start":{"line":55,"column":23},"end":{"line":55,"column":32}},"29":{"start":{"line":56,"column":4},"end":{"line":56,"column":33}},"30":{"start":{"line":57,"column":4},"end":{"line":57,"column":54}},"31":{"start":{"line":59,"column":4},"end":{"line":59,"column":29}},"32":{"start":{"line":63,"column":0},"end":{"line":63,"column":28}},"33":{"start":{"line":64,"column":0},"end":{"line":64,"column":35}},"34":{"start":{"line":65,"column":0},"end":{"line":65,"column":79}},"35":{"start":{"line":66,"column":0},"end":{"line":66,"column":80}},"36":{"start":{"line":67,"column":0},"end":{"line":67,"column":37}},"37":{"start":{"line":69,"column":18},"end":{"line":71,"column":1}},"38":{"start":{"line":70,"column":2},"end":{"line":70,"column":28}}},"fnMap":{"0":{"name":"(anonymous_0)","decl":{"start":{"line":14,"column":19},"end":{"line":14,"column":20}},"loc":{"start":{"line":14,"column":39},"end":{"line":18,"column":1}},"line":14},"1":{"name":"(anonymous_1)","decl":{"start":{"line":20,"column":23},"end":{"line":20,"column":24}},"loc":{"start":{"line":20,"column":49},"end":{"line":27,"column":1}},"line":20},"2":{"name":"(anonymous_2)","decl":{"start":{"line":29,"column":20},"end":{"line":29,"column":21}},"loc":{"start":{"line":29,"column":46},"end":{"line":38,"column":1}},"line":29},"3":{"name":"(anonymous_3)","decl":{"start":{"line":40,"column":19},"end":{"line":40,"column":20}},"loc":{"start":{"line":40,"column":45},"end":{"line":50,"column":1}},"line":40},"4":{"name":"(anonymous_4)","decl":{"start":{"line":52,"column":22},"end":{"line":52,"column":23}},"loc":{"start":{"line":52,"column":48},"end":{"line":61,"column":1}},"line":52},"5":{"name":"(anonymous_5)","decl":{"start":{"line":69,"column":18},"end":{"line":69,"column":19}},"loc":{"start":{"line":69,"column":27},"end":{"line":71,"column":1}},"line":69}},"branchMap":{},"s":{"0":1,"1":1,"2":1,"3":1,"4":1,"5":1,"6":0,"7":0,"8":0,"9":0,"10":1,"11":0,"12":0,"13":0,"14":0,"15":0,"16":0,"17":1,"18":0,"19":0,"20":0,"21":0,"22":0,"23":0,"24":0,"25":1,"26":0,"27":0,"28":0,"29":0,"30":0,"31":0,"32":1,"33":1,"34":1,"35":1,"36":1,"37":1,"38":1},"f":{"0":1,"1":0,"2":0,"3":0,"4":0,"5":1},"b":{},"_coverageSchema":"1a1c01bbd47fc00a2c39e90264f33305004495a9","hash":"916fc17a1513a3c78455a9b94359f7dc8172cefd"}
,"/home/zishan/Desktop/projects/project test/audit log system/backend/src/controllers/userController.js": {"path":"/home/zishan/Desktop/projects/project test/audit log system/backend/src/controllers/userController.js","statementMap":{"0":{"start":{"line":12,"column":15},"end":{"line":12,"column":31}},"1":{"start":{"line":14,"column":19},"end":{"line":17,"column":1}},"2":{"start":{"line":15,"column":16},"end":{"line":15,"column":35}},"3":{"start":{"line":16,"column":2},"end":{"line":16,"column":30}},"4":{"start":{"line":19,"column":20},"end":{"line":27,"column":1}},"5":{"start":{"line":20,"column":2},"end":{"line":26,"column":3}},"6":{"start":{"line":21,"column":21},"end":{"line":21,"column":24}},"7":{"start":{"line":22,"column":17},"end":{"line":22,"column":37}},"8":{"start":{"line":23,"column":4},"end":{"line":23,"column":31}},"9":{"start":{"line":25,"column":4},"end":{"line":25,"column":29}},"10":{"start":{"line":29,"column":14},"end":{"line":37,"column":1}},"11":{"start":{"line":30,"column":2},"end":{"line":36,"column":3}},"12":{"start":{"line":31,"column":21},"end":{"line":31,"column":24}},"13":{"start":{"line":32,"column":17},"end":{"line":32,"column":38}},"14":{"start":{"line":33,"column":4},"end":{"line":33,"column":31}},"15":{"start":{"line":35,"column":4},"end":{"line":35,"column":29}},"16":{"start":{"line":39,"column":19},"end":{"line":47,"column":1}},"17":{"start":{"line":40,"column":2},"end":{"line":46,"column":3}},"18":{"start":{"line":41,"column":17},"end":{"line":41,"column":25}},"19":{"start":{"line":42,"column":17},"end":{"line":42,"column":39}},"20":{"start":{"line":43,"column":4},"end":{"line":43,"column":31}},"21":{"start":{"line":45,"column":4},"end":{"line":45,"column":29}},"22":{"start":{"line":49,"column":22},"end":{"line":57,"column":1}},"23":{"start":{"line":50,"column":2},"end":{"line":56,"column":3}},"24":{"start":{"line":51,"column":15},"end":{"line":51,"column":28}},"25":{"start":{"line":52,"column":4},"end":{"line":52,"column":25}},"26":{"start":{"line":53,"column":4},"end":{"line":53,"column":41}},"27":{"start":{"line":55,"column":4},"end":{"line":55,"column":29}},"28":{"start":{"line":59,"column":0},"end":{"line":59,"column":28}},"29":{"start":{"line":60,"column":0},"end":{"line":60,"column":29}},"30":{"start":{"line":61,"column":0},"end":{"line":61,"column":85}},"31":{"start":{"line":62,"column":0},"end":{"line":62,"column":28}},"32":{"start":{"line":63,"column":0},"end":{"line":63,"column":37}},"33":{"start":{"line":65,"column":18},"end":{"line":67,"column":1}},"34":{"start":{"line":66,"column":2},"end":{"line":66,"column":28}}},"fnMap":{"0":{"name":"(anonymous_0)","decl":{"start":{"line":14,"column":19},"end":{"line":14,"column":20}},"loc":{"start":{"line":14,"column":39},"end":{"line":17,"column":1}},"line":14},"1":{"name":"(anonymous_1)","decl":{"start":{"line":19,"column":20},"end":{"line":19,"column":21}},"loc":{"start":{"line":19,"column":46},"end":{"line":27,"column":1}},"line":19},"2":{"name":"(anonymous_2)","decl":{"start":{"line":29,"column":14},"end":{"line":29,"column":15}},"loc":{"start":{"line":29,"column":40},"end":{"line":37,"column":1}},"line":29},"3":{"name":"(anonymous_3)","decl":{"start":{"line":39,"column":19},"end":{"line":39,"column":20}},"loc":{"start":{"line":39,"column":45},"end":{"line":47,"column":1}},"line":39},"4":{"name":"(anonymous_4)","decl":{"start":{"line":49,"column":22},"end":{"line":49,"column":23}},"loc":{"start":{"line":49,"column":48},"end":{"line":57,"column":1}},"line":49},"5":{"name":"(anonymous_5)","decl":{"start":{"line":65,"column":18},"end":{"line":65,"column":19}},"loc":{"start":{"line":65,"column":27},"end":{"line":67,"column":1}},"line":65}},"branchMap":{},"s":{"0":1,"1":1,"2":0,"3":0,"4":1,"5":0,"6":0,"7":0,"8":0,"9":0,"10":1,"11":0,"12":0,"13":0,"14":0,"15":0,"16":1,"17":0,"18":0,"19":0,"20":0,"21":0,"22":1,"23":0,"24":0,"25":0,"26":0,"27":0,"28":1,"29":1,"30":1,"31":1,"32":1,"33":1,"34":1},"f":{"0":0,"1":0,"2":0,"3":0,"4":0,"5":1},"b":{},"_coverageSchema":"1a1c01bbd47fc00a2c39e90264f33305004495a9","hash":"a5297dfee5073dcae8df251723bcae8b137dab15"}
,"/home/zishan/Desktop/projects/project test/audit log system/backend/src/middlewares/handleErrors.js": {"path":"/home/zishan/Desktop/projects/project test/audit log system/backend/src/middlewares/handleErrors.js","statementMap":{"0":{"start":{"line":3,"column":28},"end":{"line":9,"column":1}},"1":{"start":{"line":4,"column":2},"end":{"line":7,"column":3}},"2":{"start":{"line":5,"column":17},"end":{"line":5,"column":30}},"3":{"start":{"line":6,"column":4},"end":{"line":6,"column":75}},"4":{"start":{"line":8,"column":2},"end":{"line":8,"column":87}}},"fnMap":{"0":{"name":"(anonymous_0)","decl":{"start":{"line":3,"column":28},"end":{"line":3,"column":29}},"loc":{"start":{"line":3,"column":59},"end":{"line":9,"column":1}},"line":3}},"branchMap":{"0":{"loc":{"start":{"line":4,"column":2},"end":{"line":7,"column":3}},"type":"if","locations":[{"start":{"line":4,"column":2},"end":{"line":7,"column":3}},{"start":{},"end":{}}],"line":4}},"s":{"0":1,"1":0,"2":0,"3":0,"4":0},"f":{"0":0},"b":{"0":[0,0]},"_coverageSchema":"1a1c01bbd47fc00a2c39e90264f33305004495a9","hash":"b95483fb559b67db51df6983d3ef824f52546db0"}
,"/home/zishan/Desktop/projects/project test/audit log system/backend/src/middlewares/handleValidations.js": {"path":"/home/zishan/Desktop/projects/project test/audit log system/backend/src/middlewares/handleValidations.js","statementMap":{"0":{"start":{"line":3,"column":32},"end":{"line":14,"column":1}},"1":{"start":{"line":4,"column":2},"end":{"line":13,"column":4}},"2":{"start":{"line":5,"column":19},"end":{"line":5,"column":37}},"3":{"start":{"line":6,"column":20},"end":{"line":6,"column":40}},"4":{"start":{"line":7,"column":4},"end":{"line":7,"column":31}},"5":{"start":{"line":7,"column":17},"end":{"line":7,"column":31}},"6":{"start":{"line":9,"column":24},"end":{"line":9,"column":36}},"7":{"start":{"line":10,"column":21},"end":{"line":10,"column":48}},"8":{"start":{"line":10,"column":38},"end":{"line":10,"column":47}},"9":{"start":{"line":11,"column":4},"end":{"line":11,"column":24}},"10":{"start":{"line":12,"column":4},"end":{"line":12,"column":35}}},"fnMap":{"0":{"name":"(anonymous_0)","decl":{"start":{"line":3,"column":32},"end":{"line":3,"column":33}},"loc":{"start":{"line":3,"column":44},"end":{"line":14,"column":1}},"line":3},"1":{"name":"(anonymous_1)","decl":{"start":{"line":4,"column":9},"end":{"line":4,"column":10}},"loc":{"start":{"line":4,"column":29},"end":{"line":13,"column":3}},"line":4},"2":{"name":"(anonymous_2)","decl":{"start":{"line":10,"column":33},"end":{"line":10,"column":34}},"loc":{"start":{"line":10,"column":38},"end":{"line":10,"column":47}},"line":10}},"branchMap":{"0":{"loc":{"start":{"line":7,"column":4},"end":{"line":7,"column":31}},"type":"if","locations":[{"start":{"line":7,"column":4},"end":{"line":7,"column":31}},{"start":{},"end":{}}],"line":7}},"s":{"0":1,"1":4,"2":0,"3":0,"4":0,"5":0,"6":0,"7":0,"8":0,"9":0,"10":0},"f":{"0":4,"1":0,"2":0},"b":{"0":[0,0]},"_coverageSchema":"1a1c01bbd47fc00a2c39e90264f33305004495a9","hash":"7b9b9d37e3cb03a544e778dab4f0b5cd256224e3"}
,"/home/zishan/Desktop/projects/project test/audit log system/backend/src/models/data-models/index.js": {"path":"/home/zishan/Desktop/projects/project test/audit log system/backend/src/models/data-models/index.js","statementMap":{"0":{"start":{"line":5,"column":15},"end":{"line":5,"column":34}}},"fnMap":{},"branchMap":{},"s":{"0":1},"f":{},"b":{},"_coverageSchema":"1a1c01bbd47fc00a2c39e90264f33305004495a9","hash":"fac9ad9dd826b39b3aa9454a763856bf88a11ae7"}
,"/home/zishan/Desktop/projects/project test/audit log system/backend/src/models/data-models/log.js": {"path":"/home/zishan/Desktop/projects/project test/audit log system/backend/src/models/data-models/log.js","statementMap":{"0":{"start":{"line":4,"column":18},"end":{"line":15,"column":2}},"1":{"start":{"line":18,"column":12},"end":{"line":18,"column":44}}},"fnMap":{},"branchMap":{},"s":{"0":1,"1":1},"f":{},"b":{},"_coverageSchema":"1a1c01bbd47fc00a2c39e90264f33305004495a9","hash":"ef9576bb0aec1a9a0f2637c9ba3a0240211cabe3"}
,"/home/zishan/Desktop/projects/project test/audit log system/backend/src/models/data-models/site.js": {"path":"/home/zishan/Desktop/projects/project test/audit log system/backend/src/models/data-models/site.js","statementMap":{"0":{"start":{"line":4,"column":19},"end":{"line":11,"column":2}},"1":{"start":{"line":14,"column":13},"end":{"line":14,"column":47}}},"fnMap":{},"branchMap":{},"s":{"0":1,"1":1},"f":{},"b":{},"_coverageSchema":"1a1c01bbd47fc00a2c39e90264f33305004495a9","hash":"f1590b7e873e8f71db998ea9ea963082f682daa6"}
,"/home/zishan/Desktop/projects/project test/audit log system/backend/src/models/data-models/user.js": {"path":"/home/zishan/Desktop/projects/project test/audit log system/backend/src/models/data-models/user.js","statementMap":{"0":{"start":{"line":4,"column":19},"end":{"line":9,"column":2}},"1":{"start":{"line":11,"column":0},"end":{"line":31,"column":3}},"2":{"start":{"line":12,"column":15},"end":{"line":12,"column":19}},"3":{"start":{"line":14,"column":2},"end":{"line":30,"column":3}},"4":{"start":{"line":15,"column":4},"end":{"line":27,"column":7}},"5":{"start":{"line":16,"column":6},"end":{"line":26,"column":7}},"6":{"start":{"line":17,"column":8},"end":{"line":17,"column":31}},"7":{"start":{"line":19,"column":8},"end":{"line":25,"column":11}},"8":{"start":{"line":20,"column":10},"end":{"line":22,"column":11}},"9":{"start":{"line":21,"column":12},"end":{"line":21,"column":35}},"10":{"start":{"line":23,"column":10},"end":{"line":23,"column":31}},"11":{"start":{"line":24,"column":10},"end":{"line":24,"column":17}},"12":{"start":{"line":29,"column":4},"end":{"line":29,"column":18}},"13":{"start":{"line":33,"column":0},"end":{"line":38,"column":3}},"14":{"start":{"line":35,"column":4},"end":{"line":35,"column":27}},"15":{"start":{"line":36,"column":4},"end":{"line":36,"column":15}},"16":{"start":{"line":40,"column":0},"end":{"line":43,"column":2}},"17":{"start":{"line":41,"column":16},"end":{"line":41,"column":60}},"18":{"start":{"line":42,"column":2},"end":{"line":42,"column":15}},"19":{"start":{"line":45,"column":13},"end":{"line":45,"column":47}}},"fnMap":{"0":{"name":"(anonymous_0)","decl":{"start":{"line":11,"column":23},"end":{"line":11,"column":24}},"loc":{"start":{"line":11,"column":39},"end":{"line":31,"column":1}},"line":11},"1":{"name":"(anonymous_1)","decl":{"start":{"line":15,"column":23},"end":{"line":15,"column":24}},"loc":{"start":{"line":15,"column":50},"end":{"line":27,"column":5}},"line":15},"2":{"name":"(anonymous_2)","decl":{"start":{"line":19,"column":41},"end":{"line":19,"column":42}},"loc":{"start":{"line":19,"column":68},"end":{"line":25,"column":9}},"line":19},"3":{"name":"(anonymous_3)","decl":{"start":{"line":34,"column":13},"end":{"line":34,"column":14}},"loc":{"start":{"line":34,"column":38},"end":{"line":37,"column":3}},"line":34},"4":{"name":"(anonymous_4)","decl":{"start":{"line":40,"column":37},"end":{"line":40,"column":38}},"loc":{"start":{"line":40,"column":71},"end":{"line":43,"column":1}},"line":40}},"branchMap":{"0":{"loc":{"start":{"line":14,"column":2},"end":{"line":30,"column":3}},"type":"if","locations":[{"start":{"line":14,"column":2},"end":{"line":30,"column":3}},{"start":{"line":28,"column":9},"end":{"line":30,"column":3}}],"line":14},"1":{"loc":{"start":{"line":14,"column":6},"end":{"line":14,"column":47}},"type":"binary-expr","locations":[{"start":{"line":14,"column":6},"end":{"line":14,"column":33}},{"start":{"line":14,"column":37},"end":{"line":14,"column":47}}],"line":14},"2":{"loc":{"start":{"line":16,"column":6},"end":{"line":26,"column":7}},"type":"if","locations":[{"start":{"line":16,"column":6},"end":{"line":26,"column":7}},{"start":{"line":18,"column":13},"end":{"line":26,"column":7}}],"line":16},"3":{"loc":{"start":{"line":20,"column":10},"end":{"line":22,"column":11}},"type":"if","locations":[{"start":{"line":20,"column":10},"end":{"line":22,"column":11}},{"start":{},"end":{}}],"line":20}},"s":{"0":1,"1":1,"2":0,"3":0,"4":0,"5":0,"6":0,"7":0,"8":0,"9":0,"10":0,"11":0,"12":0,"13":1,"14":0,"15":0,"16":1,"17":0,"18":0,"19":1},"f":{"0":0,"1":0,"2":0,"3":0,"4":0},"b":{"0":[0,0],"1":[0,0],"2":[0,0],"3":[0,0]},"_coverageSchema":"1a1c01bbd47fc00a2c39e90264f33305004495a9","hash":"d4985d387dee095daca2057f3ad9ba6a9c98c29d"}
,"/home/zishan/Desktop/projects/project test/audit log system/backend/src/models/view-models/index.js": {"path":"/home/zishan/Desktop/projects/project test/audit log system/backend/src/models/view-models/index.js","statementMap":{"0":{"start":{"line":5,"column":19},"end":{"line":9,"column":1}}},"fnMap":{},"branchMap":{},"s":{"0":1},"f":{},"b":{},"_coverageSchema":"1a1c01bbd47fc00a2c39e90264f33305004495a9","hash":"8ade10a69401865d5af7643d941225350a12e54e"}
,"/home/zishan/Desktop/projects/project test/audit log system/backend/src/models/view-models/log-view-model.js": {"path":"/home/zishan/Desktop/projects/project test/audit log system/backend/src/models/view-models/log-view-model.js","statementMap":{"0":{"start":{"line":3,"column":15},"end":{"line":7,"column":2}},"1":{"start":{"line":9,"column":20},"end":{"line":14,"column":1}},"2":{"start":{"line":10,"column":17},"end":{"line":10,"column":38}},"3":{"start":{"line":11,"column":2},"end":{"line":11,"column":30}},"4":{"start":{"line":12,"column":2},"end":{"line":12,"column":22}},"5":{"start":{"line":13,"column":2},"end":{"line":13,"column":16}}},"fnMap":{"0":{"name":"(anonymous_0)","decl":{"start":{"line":9,"column":20},"end":{"line":9,"column":21}},"loc":{"start":{"line":9,"column":30},"end":{"line":14,"column":1}},"line":9}},"branchMap":{},"s":{"0":1,"1":1,"2":0,"3":0,"4":0,"5":0},"f":{"0":0},"b":{},"_coverageSchema":"1a1c01bbd47fc00a2c39e90264f33305004495a9","hash":"1a9bcfc09f9b67a6b28eb50f5b96630020ebf9cd"}
,"/home/zishan/Desktop/projects/project test/audit log system/backend/src/models/view-models/site-view-model.js": {"path":"/home/zishan/Desktop/projects/project test/audit log system/backend/src/models/view-models/site-view-model.js","statementMap":{"0":{"start":{"line":3,"column":15},"end":{"line":9,"column":2}},"1":{"start":{"line":11,"column":21},"end":{"line":16,"column":1}},"2":{"start":{"line":12,"column":17},"end":{"line":12,"column":38}},"3":{"start":{"line":13,"column":2},"end":{"line":13,"column":30}},"4":{"start":{"line":14,"column":2},"end":{"line":14,"column":22}},"5":{"start":{"line":15,"column":2},"end":{"line":15,"column":16}}},"fnMap":{"0":{"name":"(anonymous_0)","decl":{"start":{"line":11,"column":21},"end":{"line":11,"column":22}},"loc":{"start":{"line":11,"column":31},"end":{"line":16,"column":1}},"line":11}},"branchMap":{},"s":{"0":1,"1":1,"2":0,"3":0,"4":0,"5":0},"f":{"0":0},"b":{},"_coverageSchema":"1a1c01bbd47fc00a2c39e90264f33305004495a9","hash":"a998e5b4ea55ec993986f6be2d088e87d0fefd8d"}
,"/home/zishan/Desktop/projects/project test/audit log system/backend/src/models/view-models/user-view-model.js": {"path":"/home/zishan/Desktop/projects/project test/audit log system/backend/src/models/view-models/user-view-model.js","statementMap":{"0":{"start":{"line":4,"column":15},"end":{"line":8,"column":2}},"1":{"start":{"line":10,"column":21},"end":{"line":15,"column":1}},"2":{"start":{"line":11,"column":17},"end":{"line":11,"column":38}},"3":{"start":{"line":12,"column":2},"end":{"line":12,"column":30}},"4":{"start":{"line":13,"column":2},"end":{"line":13,"column":22}},"5":{"start":{"line":14,"column":2},"end":{"line":14,"column":16}}},"fnMap":{"0":{"name":"(anonymous_0)","decl":{"start":{"line":10,"column":21},"end":{"line":10,"column":22}},"loc":{"start":{"line":10,"column":31},"end":{"line":15,"column":1}},"line":10}},"branchMap":{},"s":{"0":1,"1":1,"2":0,"3":0,"4":0,"5":0},"f":{"0":0},"b":{},"_coverageSchema":"1a1c01bbd47fc00a2c39e90264f33305004495a9","hash":"a07c377bc8b3d665aee6368b8804af0c5d3efb27"}
,"/home/zishan/Desktop/projects/project test/audit log system/backend/src/services/logService.js": {"path":"/home/zishan/Desktop/projects/project test/audit log system/backend/src/services/logService.js","statementMap":{"0":{"start":{"line":3,"column":23},"end":{"line":7,"column":1}},"1":{"start":{"line":4,"column":16},"end":{"line":4,"column":35}},"2":{"start":{"line":5,"column":19},"end":{"line":5,"column":37}},"3":{"start":{"line":6,"column":2},"end":{"line":6,"column":18}},"4":{"start":{"line":9,"column":26},"end":{"line":18,"column":1}},"5":{"start":{"line":10,"column":14},"end":{"line":10,"column":24}},"6":{"start":{"line":11,"column":15},"end":{"line":16,"column":21}},"7":{"start":{"line":17,"column":2},"end":{"line":17,"column":14}}},"fnMap":{"0":{"name":"(anonymous_0)","decl":{"start":{"line":3,"column":23},"end":{"line":3,"column":24}},"loc":{"start":{"line":3,"column":38},"end":{"line":7,"column":1}},"line":3},"1":{"name":"(anonymous_1)","decl":{"start":{"line":9,"column":26},"end":{"line":9,"column":27}},"loc":{"start":{"line":9,"column":66},"end":{"line":18,"column":1}},"line":9}},"branchMap":{"0":{"loc":{"start":{"line":9,"column":33},"end":{"line":9,"column":47}},"type":"default-arg","locations":[{"start":{"line":9,"column":46},"end":{"line":9,"column":47}}],"line":9},"1":{"loc":{"start":{"line":9,"column":49},"end":{"line":9,"column":61}},"type":"default-arg","locations":[{"start":{"line":9,"column":59},"end":{"line":9,"column":61}}],"line":9}},"s":{"0":1,"1":0,"2":0,"3":0,"4":1,"5":0,"6":0,"7":0},"f":{"0":0,"1":0},"b":{"0":[0],"1":[0]},"_coverageSchema":"1a1c01bbd47fc00a2c39e90264f33305004495a9","hash":"7f59baacb8016c72e2572b1a000e832a5180cbe2"}
,"/home/zishan/Desktop/projects/project test/audit log system/backend/src/services/siteService.js": {"path":"/home/zishan/Desktop/projects/project test/audit log system/backend/src/services/siteService.js","statementMap":{"0":{"start":{"line":5,"column":24},"end":{"line":28,"column":1}},"1":{"start":{"line":6,"column":18},"end":{"line":6,"column":49}},"2":{"start":{"line":7,"column":2},"end":{"line":27,"column":3}},"3":{"start":{"line":8,"column":4},"end":{"line":8,"column":31}},"4":{"start":{"line":9,"column":22},"end":{"line":9,"column":47}},"5":{"start":{"line":10,"column":22},"end":{"line":10,"column":44}},"6":{"start":{"line":11,"column":16},"end":{"line":16,"column":5}},"7":{"start":{"line":17,"column":4},"end":{"line":17,"column":32}},"8":{"start":{"line":18,"column":21},"end":{"line":18,"column":40}},"9":{"start":{"line":19,"column":4},"end":{"line":19,"column":26}},"10":{"start":{"line":20,"column":4},"end":{"line":20,"column":40}},"11":{"start":{"line":21,"column":4},"end":{"line":21,"column":38}},"12":{"start":{"line":22,"column":4},"end":{"line":22,"column":21}},"13":{"start":{"line":24,"column":4},"end":{"line":24,"column":53}},"14":{"start":{"line":25,"column":4},"end":{"line":25,"column":37}},"15":{"start":{"line":26,"column":4},"end":{"line":26,"column":45}},"16":{"start":{"line":30,"column":27},"end":{"line":37,"column":1}},"17":{"start":{"line":31,"column":15},"end":{"line":31,"column":26}},"18":{"start":{"line":32,"column":16},"end":{"line":35,"column":22}},"19":{"start":{"line":36,"column":2},"end":{"line":36,"column":15}},"20":{"start":{"line":39,"column":27},"end":{"line":47,"column":1}},"21":{"start":{"line":40,"column":15},"end":{"line":40,"column":26}},"22":{"start":{"line":41,"column":2},"end":{"line":46,"column":3}},"23":{"start":{"line":42,"column":17},"end":{"line":42,"column":40}},"24":{"start":{"line":43,"column":4},"end":{"line":43,"column":16}},"25":{"start":{"line":45,"column":4},"end":{"line":45,"column":39}},"26":{"start":{"line":49,"column":26},"end":{"line":82,"column":1}},"27":{"start":{"line":50,"column":15},"end":{"line":50,"column":26}},"28":{"start":{"line":51,"column":14},"end":{"line":51,"column":41}},"29":{"start":{"line":52,"column":2},"end":{"line":81,"column":3}},"30":{"start":{"line":53,"column":4},"end":{"line":53,"column":27}},"31":{"start":{"line":54,"column":4},"end":{"line":54,"column":31}},"32":{"start":{"line":55,"column":4},"end":{"line":55,"column":41}},"33":{"start":{"line":56,"column":4},"end":{"line":56,"column":25}},"34":{"start":{"line":57,"column":4},"end":{"line":57,"column":27}},"35":{"start":{"line":58,"column":20},"end":{"line":58,"column":51}},"36":{"start":{"line":59,"column":4},"end":{"line":78,"column":5}},"37":{"start":{"line":60,"column":6},"end":{"line":60,"column":33}},"38":{"start":{"line":61,"column":6},"end":{"line":61,"column":25}},"39":{"start":{"line":62,"column":6},"end":{"line":62,"column":34}},"40":{"start":{"line":63,"column":18},"end":{"line":68,"column":7}},"41":{"start":{"line":69,"column":23},"end":{"line":69,"column":42}},"42":{"start":{"line":70,"column":6},"end":{"line":70,"column":28}},"43":{"start":{"line":71,"column":6},"end":{"line":71,"column":42}},"44":{"start":{"line":72,"column":6},"end":{"line":72,"column":40}},"45":{"start":{"line":73,"column":6},"end":{"line":73,"column":19}},"46":{"start":{"line":75,"column":6},"end":{"line":75,"column":55}},"47":{"start":{"line":76,"column":6},"end":{"line":76,"column":39}},"48":{"start":{"line":77,"column":6},"end":{"line":77,"column":47}},"49":{"start":{"line":80,"column":4},"end":{"line":80,"column":46}},"50":{"start":{"line":84,"column":26},"end":{"line":112,"column":1}},"51":{"start":{"line":85,"column":15},"end":{"line":85,"column":26}},"52":{"start":{"line":86,"column":14},"end":{"line":86,"column":41}},"53":{"start":{"line":87,"column":2},"end":{"line":111,"column":3}},"54":{"start":{"line":88,"column":4},"end":{"line":108,"column":5}},"55":{"start":{"line":89,"column":22},"end":{"line":89,"column":53}},"56":{"start":{"line":90,"column":6},"end":{"line":90,"column":33}},"57":{"start":{"line":91,"column":21},"end":{"line":91,"column":58}},"58":{"start":{"line":92,"column":6},"end":{"line":92,"column":34}},"59":{"start":{"line":93,"column":18},"end":{"line":98,"column":7}},"60":{"start":{"line":99,"column":23},"end":{"line":99,"column":42}},"61":{"start":{"line":100,"column":6},"end":{"line":100,"column":28}},"62":{"start":{"line":101,"column":6},"end":{"line":101,"column":42}},"63":{"start":{"line":102,"column":6},"end":{"line":102,"column":40}},"64":{"start":{"line":103,"column":6},"end":{"line":103,"column":20}},"65":{"start":{"line":105,"column":6},"end":{"line":105,"column":55}},"66":{"start":{"line":106,"column":6},"end":{"line":106,"column":39}},"67":{"start":{"line":107,"column":6},"end":{"line":107,"column":47}},"68":{"start":{"line":110,"column":4},"end":{"line":110,"column":46}}},"fnMap":{"0":{"name":"(anonymous_0)","decl":{"start":{"line":5,"column":24},"end":{"line":5,"column":25}},"loc":{"start":{"line":5,"column":52},"end":{"line":28,"column":1}},"line":5},"1":{"name":"(anonymous_1)","decl":{"start":{"line":30,"column":27},"end":{"line":30,"column":28}},"loc":{"start":{"line":30,"column":53},"end":{"line":37,"column":1}},"line":30},"2":{"name":"(anonymous_2)","decl":{"start":{"line":39,"column":27},"end":{"line":39,"column":28}},"loc":{"start":{"line":39,"column":41},"end":{"line":47,"column":1}},"line":39},"3":{"name":"(anonymous_3)","decl":{"start":{"line":49,"column":26},"end":{"line":49,"column":27}},"loc":{"start":{"line":49,"column":58},"end":{"line":82,"column":1}},"line":49},"4":{"name":"(anonymous_4)","decl":{"start":{"line":84,"column":26},"end":{"line":84,"column":27}},"loc":{"start":{"line":84,"column":52},"end":{"line":112,"column":1}},"line":84}},"branchMap":{"0":{"loc":{"start":{"line":30,"column":34},"end":{"line":30,"column":48}},"type":"default-arg","locations":[{"start":{"line":30,"column":47},"end":{"line":30,"column":48}}],"line":30},"1":{"loc":{"start":{"line":52,"column":2},"end":{"line":81,"column":3}},"type":"if","locations":[{"start":{"line":52,"column":2},"end":{"line":81,"column":3}},{"start":{"line":79,"column":9},"end":{"line":81,"column":3}}],"line":52},"2":{"loc":{"start":{"line":87,"column":2},"end":{"line":111,"column":3}},"type":"if","locations":[{"start":{"line":87,"column":2},"end":{"line":111,"column":3}},{"start":{"line":109,"column":9},"end":{"line":111,"column":3}}],"line":87}},"s":{"0":1,"1":0,"2":0,"3":0,"4":0,"5":0,"6":0,"7":0,"8":0,"9":0,"10":0,"11":0,"12":0,"13":0,"14":0,"15":0,"16":1,"17":1,"18":1,"19":1,"20":1,"21":0,"22":0,"23":0,"24":0,"25":0,"26":1,"27":0,"28":0,"29":0,"30":0,"31":0,"32":0,"33":0,"34":0,"35":0,"36":0,"37":0,"38":0,"39":0,"40":0,"41":0,"42":0,"43":0,"44":0,"45":0,"46":0,"47":0,"48":0,"49":0,"50":1,"51":0,"52":0,"53":0,"54":0,"55":0,"56":0,"57":0,"58":0,"59":0,"60":0,"61":0,"62":0,"63":0,"64":0,"65":0,"66":0,"67":0,"68":0},"f":{"0":0,"1":1,"2":0,"3":0,"4":0},"b":{"0":[1],"1":[0,0],"2":[0,0]},"_coverageSchema":"1a1c01bbd47fc00a2c39e90264f33305004495a9","hash":"e2a87207cd56aa8edbaa5d3c7ce93a1daba05fdb"}
,"/home/zishan/Desktop/projects/project test/audit log system/backend/src/services/userService.js": {"path":"/home/zishan/Desktop/projects/project test/audit log system/backend/src/services/userService.js","statementMap":{"0":{"start":{"line":4,"column":24},"end":{"line":13,"column":1}},"1":{"start":{"line":5,"column":16},"end":{"line":5,"column":37}},"2":{"start":{"line":6,"column":30},"end":{"line":6,"column":34}},"3":{"start":{"line":7,"column":21},"end":{"line":7,"column":79}},"4":{"start":{"line":8,"column":2},"end":{"line":10,"column":3}},"5":{"start":{"line":9,"column":4},"end":{"line":9,"column":51}},"6":{"start":{"line":11,"column":20},"end":{"line":11,"column":38}},"7":{"start":{"line":12,"column":2},"end":{"line":12,"column":19}},"8":{"start":{"line":15,"column":25},"end":{"line":26,"column":1}},"9":{"start":{"line":16,"column":33},"end":{"line":16,"column":37}},"10":{"start":{"line":17,"column":18},"end":{"line":17,"column":57}},"11":{"start":{"line":18,"column":2},"end":{"line":20,"column":3}},"12":{"start":{"line":19,"column":4},"end":{"line":19,"column":46}},"13":{"start":{"line":21,"column":16},"end":{"line":21,"column":73}},"14":{"start":{"line":22,"column":2},"end":{"line":24,"column":3}},"15":{"start":{"line":23,"column":4},"end":{"line":23,"column":50}},"16":{"start":{"line":25,"column":2},"end":{"line":25,"column":17}},"17":{"start":{"line":28,"column":27},"end":{"line":32,"column":1}},"18":{"start":{"line":29,"column":15},"end":{"line":29,"column":26}},"19":{"start":{"line":30,"column":16},"end":{"line":30,"column":33}},"20":{"start":{"line":31,"column":2},"end":{"line":31,"column":15}},"21":{"start":{"line":34,"column":26},"end":{"line":44,"column":1}},"22":{"start":{"line":35,"column":13},"end":{"line":35,"column":21}},"23":{"start":{"line":36,"column":15},"end":{"line":36,"column":26}},"24":{"start":{"line":37,"column":14},"end":{"line":37,"column":37}},"25":{"start":{"line":38,"column":2},"end":{"line":42,"column":3}},"26":{"start":{"line":39,"column":4},"end":{"line":39,"column":35}},"27":{"start":{"line":40,"column":4},"end":{"line":40,"column":17}},"28":{"start":{"line":41,"column":4},"end":{"line":41,"column":17}},"29":{"start":{"line":43,"column":2},"end":{"line":43,"column":44}},"30":{"start":{"line":46,"column":26},"end":{"line":54,"column":1}},"31":{"start":{"line":47,"column":15},"end":{"line":47,"column":26}},"32":{"start":{"line":48,"column":14},"end":{"line":48,"column":37}},"33":{"start":{"line":49,"column":2},"end":{"line":52,"column":3}},"34":{"start":{"line":50,"column":19},"end":{"line":50,"column":52}},"35":{"start":{"line":51,"column":4},"end":{"line":51,"column":18}},"36":{"start":{"line":53,"column":2},"end":{"line":53,"column":44}}},"fnMap":{"0":{"name":"(anonymous_0)","decl":{"start":{"line":4,"column":24},"end":{"line":4,"column":25}},"loc":{"start":{"line":4,"column":40},"end":{"line":13,"column":1}},"line":4},"1":{"name":"(anonymous_1)","decl":{"start":{"line":15,"column":25},"end":{"line":15,"column":26}},"loc":{"start":{"line":15,"column":41},"end":{"line":26,"column":1}},"line":15},"2":{"name":"(anonymous_2)","decl":{"start":{"line":28,"column":27},"end":{"line":28,"column":28}},"loc":{"start":{"line":28,"column":39},"end":{"line":32,"column":1}},"line":28},"3":{"name":"(anonymous_3)","decl":{"start":{"line":34,"column":26},"end":{"line":34,"column":27}},"loc":{"start":{"line":34,"column":42},"end":{"line":44,"column":1}},"line":34},"4":{"name":"(anonymous_4)","decl":{"start":{"line":46,"column":26},"end":{"line":46,"column":27}},"loc":{"start":{"line":46,"column":40},"end":{"line":54,"column":1}},"line":46}},"branchMap":{"0":{"loc":{"start":{"line":8,"column":2},"end":{"line":10,"column":3}},"type":"if","locations":[{"start":{"line":8,"column":2},"end":{"line":10,"column":3}},{"start":{},"end":{}}],"line":8},"1":{"loc":{"start":{"line":18,"column":2},"end":{"line":20,"column":3}},"type":"if","locations":[{"start":{"line":18,"column":2},"end":{"line":20,"column":3}},{"start":{},"end":{}}],"line":18},"2":{"loc":{"start":{"line":22,"column":2},"end":{"line":24,"column":3}},"type":"if","locations":[{"start":{"line":22,"column":2},"end":{"line":24,"column":3}},{"start":{},"end":{}}],"line":22},"3":{"loc":{"start":{"line":38,"column":2},"end":{"line":42,"column":3}},"type":"if","locations":[{"start":{"line":38,"column":2},"end":{"line":42,"column":3}},{"start":{},"end":{}}],"line":38},"4":{"loc":{"start":{"line":49,"column":2},"end":{"line":52,"column":3}},"type":"if","locations":[{"start":{"line":49,"column":2},"end":{"line":52,"column":3}},{"start":{},"end":{}}],"line":49}},"s":{"0":1,"1":0,"2":0,"3":0,"4":0,"5":0,"6":0,"7":0,"8":1,"9":0,"10":0,"11":0,"12":0,"13":0,"14":0,"15":0,"16":0,"17":1,"18":0,"19":0,"20":0,"21":1,"22":0,"23":0,"24":0,"25":0,"26":0,"27":0,"28":0,"29":0,"30":1,"31":0,"32":0,"33":0,"34":0,"35":0,"36":0},"f":{"0":0,"1":0,"2":0,"3":0,"4":0},"b":{"0":[0,0],"1":[0,0],"2":[0,0],"3":[0,0],"4":[0,0]},"_coverageSchema":"1a1c01bbd47fc00a2c39e90264f33305004495a9","hash":"4e1e8562b7317f25346651538a1ec3eb3f453c14"}
,"/home/zishan/Desktop/projects/project test/audit log system/backend/src/utils/errors.js": {"path":"/home/zishan/Desktop/projects/project test/audit log system/backend/src/utils/errors.js","statementMap":{"0":{"start":{"line":3,"column":4},"end":{"line":3,"column":12}},"1":{"start":{"line":4,"column":4},"end":{"line":4,"column":27}},"2":{"start":{"line":8,"column":4},"end":{"line":8,"column":15}},"3":{"start":{"line":14,"column":4},"end":{"line":14,"column":19}},"4":{"start":{"line":15,"column":4},"end":{"line":15,"column":32}},"5":{"start":{"line":18,"column":4},"end":{"line":18,"column":15}},"6":{"start":{"line":24,"column":4},"end":{"line":24,"column":19}},"7":{"start":{"line":25,"column":4},"end":{"line":25,"column":29}},"8":{"start":{"line":28,"column":4},"end":{"line":28,"column":15}},"9":{"start":{"line":34,"column":4},"end":{"line":34,"column":19}},"10":{"start":{"line":35,"column":4},"end":{"line":35,"column":27}},"11":{"start":{"line":39,"column":4},"end":{"line":39,"column":15}},"12":{"start":{"line":45,"column":4},"end":{"line":45,"column":19}},"13":{"start":{"line":46,"column":4},"end":{"line":46,"column":31}},"14":{"start":{"line":49,"column":4},"end":{"line":49,"column":15}}},"fnMap":{"0":{"name":"(anonymous_0)","decl":{"start":{"line":2,"column":2},"end":{"line":2,"column":3}},"loc":{"start":{"line":2,"column":23},"end":{"line":5,"column":3}},"line":2},"1":{"name":"(anonymous_1)","decl":{"start":{"line":7,"column":2},"end":{"line":7,"column":3}},"loc":{"start":{"line":7,"column":12},"end":{"line":9,"column":3}},"line":7},"2":{"name":"(anonymous_2)","decl":{"start":{"line":13,"column":2},"end":{"line":13,"column":3}},"loc":{"start":{"line":13,"column":23},"end":{"line":16,"column":3}},"line":13},"3":{"name":"(anonymous_3)","decl":{"start":{"line":17,"column":2},"end":{"line":17,"column":3}},"loc":{"start":{"line":17,"column":12},"end":{"line":19,"column":3}},"line":17},"4":{"name":"(anonymous_4)","decl":{"start":{"line":23,"column":2},"end":{"line":23,"column":3}},"loc":{"start":{"line":23,"column":23},"end":{"line":26,"column":3}},"line":23},"5":{"name":"(anonymous_5)","decl":{"start":{"line":27,"column":2},"end":{"line":27,"column":3}},"loc":{"start":{"line":27,"column":12},"end":{"line":29,"column":3}},"line":27},"6":{"name":"(anonymous_6)","decl":{"start":{"line":33,"column":2},"end":{"line":33,"column":3}},"loc":{"start":{"line":33,"column":23},"end":{"line":36,"column":3}},"line":33},"7":{"name":"(anonymous_7)","decl":{"start":{"line":38,"column":2},"end":{"line":38,"column":3}},"loc":{"start":{"line":38,"column":12},"end":{"line":40,"column":3}},"line":38},"8":{"name":"(anonymous_8)","decl":{"start":{"line":44,"column":2},"end":{"line":44,"column":3}},"loc":{"start":{"line":44,"column":23},"end":{"line":47,"column":3}},"line":44},"9":{"name":"(anonymous_9)","decl":{"start":{"line":48,"column":2},"end":{"line":48,"column":3}},"loc":{"start":{"line":48,"column":12},"end":{"line":50,"column":3}},"line":48}},"branchMap":{},"s":{"0":0,"1":0,"2":0,"3":0,"4":0,"5":0,"6":0,"7":0,"8":0,"9":0,"10":0,"11":0,"12":0,"13":0,"14":0},"f":{"0":0,"1":0,"2":0,"3":0,"4":0,"5":0,"6":0,"7":0,"8":0,"9":0},"b":{},"_coverageSchema":"1a1c01bbd47fc00a2c39e90264f33305004495a9","hash":"daad665cb1e45803163b1009e097d04f9d3c5089"}
,"/home/zishan/Desktop/projects/project test/audit log system/backend/src/utils/hashing.js": {"path":"/home/zishan/Desktop/projects/project test/audit log system/backend/src/utils/hashing.js","statementMap":{"0":{"start":{"line":3,"column":20},"end":{"line":3,"column":22}},"1":{"start":{"line":5,"column":32},"end":{"line":20,"column":1}},"2":{"start":{"line":6,"column":25},"end":{"line":18,"column":4}},"3":{"start":{"line":7,"column":4},"end":{"line":17,"column":5}},"4":{"start":{"line":8,"column":6},"end":{"line":8,"column":22}},"5":{"start":{"line":10,"column":6},"end":{"line":16,"column":9}},"6":{"start":{"line":11,"column":8},"end":{"line":15,"column":9}},"7":{"start":{"line":12,"column":10},"end":{"line":12,"column":26}},"8":{"start":{"line":14,"column":10},"end":{"line":14,"column":22}},"9":{"start":{"line":19,"column":2},"end":{"line":19,"column":24}}},"fnMap":{"0":{"name":"(anonymous_0)","decl":{"start":{"line":5,"column":32},"end":{"line":5,"column":33}},"loc":{"start":{"line":5,"column":52},"end":{"line":20,"column":1}},"line":5},"1":{"name":"(anonymous_1)","decl":{"start":{"line":6,"column":59},"end":{"line":6,"column":60}},"loc":{"start":{"line":6,"column":92},"end":{"line":18,"column":3}},"line":6},"2":{"name":"(anonymous_2)","decl":{"start":{"line":10,"column":40},"end":{"line":10,"column":41}},"loc":{"start":{"line":10,"column":67},"end":{"line":16,"column":7}},"line":10}},"branchMap":{"0":{"loc":{"start":{"line":7,"column":4},"end":{"line":17,"column":5}},"type":"if","locations":[{"start":{"line":7,"column":4},"end":{"line":17,"column":5}},{"start":{"line":9,"column":11},"end":{"line":17,"column":5}}],"line":7},"1":{"loc":{"start":{"line":11,"column":8},"end":{"line":15,"column":9}},"type":"if","locations":[{"start":{"line":11,"column":8},"end":{"line":15,"column":9}},{"start":{"line":13,"column":15},"end":{"line":15,"column":9}}],"line":11}},"s":{"0":1,"1":1,"2":0,"3":0,"4":0,"5":0,"6":0,"7":0,"8":0,"9":0},"f":{"0":0,"1":0,"2":0},"b":{"0":[0,0],"1":[0,0]},"_coverageSchema":"1a1c01bbd47fc00a2c39e90264f33305004495a9","hash":"54da6bd373d22bdbef5ed2e9e64a9b88a963811e"}
}
